<?xml version="1.0" encoding="UTF-8"?>
<!-- Generated by org.testng.reporters.JUnitReportReporter -->
<testsuite hostname="Nareshchary-PC" name="FreeCRMLogin" tests="2" failures="0" timestamp="15 Feb 2019 18:34:28 GMT" time="44.180" errors="0">
  <testcase name="logoTest" time="11.853" classname="FreeCRMLogin"/>
  <testcase name="loginTest" time="32.327" classname="FreeCRMLogin"/>
</testsuite> <!-- FreeCRMLogin -->
